# JRE version: Java(TM) SE Runtime Environment (7.0_76-b13) (build 1.7.0_76-b13)
# Java VM: Java HotSpot(TM) 64-Bit Server VM (24.76-b04 mixed mode bsd-amd64 compressed oops)
Heap
 PSYoungGen      total 72704K, used 30254K [0x00000007d5500000, 0x00000007da100000, 0x0000000800000000)
  eden space 67584K, 37% used [0x00000007d5500000,0x00000007d6d8db78,0x00000007d9700000)
  from space 5120K, 99% used [0x00000007d9c00000,0x00000007da0fde90,0x00000007da100000)
  to   space 5120K, 0% used [0x00000007d9700000,0x00000007d9700000,0x00000007d9c00000)
 ParOldGen       total 87040K, used 54651K [0x0000000780000000, 0x0000000785500000, 0x00000007d5500000)
  object space 87040K, 62% used [0x0000000780000000,0x000000078355ed30,0x0000000785500000)
 PSPermGen       total 24576K, used 24487K [0x000000077ae00000, 0x000000077c600000, 0x0000000780000000)
  object space 24576K, 99% used [0x000000077ae00000,0x000000077c5e9fc8,0x000000077c600000)
GC Heap History (8 events):
Event: 6.621 GC heap before
{Heap before GC invocations=1 (full 0):
 PSYoungGen      total 38912K, used 31389K [0x00000007d5500000, 0x00000007d8000000, 0x0000000800000000)
  eden space 33792K, 92% used [0x00000007d5500000,0x00000007d73a7520,0x00000007d7600000)
  from space 5120K, 0% used [0x00000007d7b00000,0x00000007d7b00000,0x00000007d8000000)
  to   space 5120K, 0% used [0x00000007d7600000,0x00000007d7600000,0x00000007d7b00000)
 ParOldGen       total 87040K, used 0K [0x0000000780000000, 0x0000000785500000, 0x00000007d5500000)
  object space 87040K, 0% used [0x0000000780000000,0x0000000780000000,0x0000000785500000)
 PSPermGen       total 21504K, used 15506K [0x000000077ae00000, 0x000000077c300000, 0x0000000780000000)
  object space 21504K, 72% used [0x000000077ae00000,0x000000077bd248b0,0x000000077c300000)
Event: 6.641 GC heap after
Heap after GC invocations=1 (full 0):
 PSYoungGen      total 38912K, used 5092K [0x00000007d5500000, 0x00000007d8000000, 0x0000000800000000)
  eden space 33792K, 0% used [0x00000007d5500000,0x00000007d5500000,0x00000007d7600000)
  from space 5120K, 99% used [0x00000007d7600000,0x00000007d7af9048,0x00000007d7b00000)
  to   space 5120K, 0% used [0x00000007d7b00000,0x00000007d7b00000,0x00000007d8000000)
 ParOldGen       total 87040K, used 11459K [0x0000000780000000, 0x0000000785500000, 0x00000007d5500000)
  object space 87040K, 13% used [0x0000000780000000,0x0000000780b30f88,0x0000000785500000)
 PSPermGen       total 21504K, used 15506K [0x000000077ae00000, 0x000000077c300000, 0x0000000780000000)
  object space 21504K, 72% used [0x000000077ae00000,0x000000077bd248b0,0x000000077c300000)
}
Event: 6.722 GC heap before
{Heap before GC invocations=2 (full 0):
 PSYoungGen      total 38912K, used 38258K [0x00000007d5500000, 0x00000007d8000000, 0x0000000800000000)
  eden space 33792K, 98% used [0x00000007d5500000,0x00000007d75638f8,0x00000007d7600000)
  from space 5120K, 99% used [0x00000007d7600000,0x00000007d7af9048,0x00000007d7b00000)
  to   space 5120K, 0% used [0x00000007d7b00000,0x00000007d7b00000,0x00000007d8000000)
 ParOldGen       total 87040K, used 11459K [0x0000000780000000, 0x0000000785500000, 0x00000007d5500000)
  object space 87040K, 13% used [0x0000000780000000,0x0000000780b30f88,0x0000000785500000)
 PSPermGen       total 21504K, used 15562K [0x000000077ae00000, 0x000000077c300000, 0x0000000780000000)
  object space 21504K, 72% used [0x000000077ae00000,0x000000077bd32940,0x000000077c300000)
Event: 6.744 GC heap after
Heap after GC invocations=2 (full 0):
 PSYoungGen      total 38912K, used 5104K [0x00000007d5500000, 0x00000007da100000, 0x0000000800000000)
  eden space 33792K, 0% used [0x00000007d5500000,0x00000007d5500000,0x00000007d7600000)
  from space 5120K, 99% used [0x00000007d7b00000,0x00000007d7ffc2f8,0x00000007d8000000)
  to   space 5120K, 0% used [0x00000007d7600000,0x00000007d7600000,0x00000007d7b00000)
 ParOldGen       total 87040K, used 33511K [0x0000000780000000, 0x0000000785500000, 0x00000007d5500000)
  object space 87040K, 38% used [0x0000000780000000,0x00000007820b9c08,0x0000000785500000)
 PSPermGen       total 21504K, used 15562K [0x000000077ae00000, 0x000000077c300000, 0x0000000780000000)
  object space 21504K, 72% used [0x000000077ae00000,0x000000077bd32940,0x000000077c300000)
}
Event: 11.790 GC heap before
{Heap before GC invocations=3 (full 0):
 PSYoungGen      total 38912K, used 38896K [0x00000007d5500000, 0x00000007da100000, 0x0000000800000000)
  eden space 33792K, 100% used [0x00000007d5500000,0x00000007d7600000,0x00000007d7600000)
  from space 5120K, 99% used [0x00000007d7b00000,0x00000007d7ffc2f8,0x00000007d8000000)
  to   space 5120K, 0% used [0x00000007d7600000,0x00000007d7600000,0x00000007d7b00000)
 ParOldGen       total 87040K, used 33511K [0x0000000780000000, 0x0000000785500000, 0x00000007d5500000)
  object space 87040K, 38% used [0x0000000780000000,0x00000007820b9c08,0x0000000785500000)
 PSPermGen       total 21504K, used 18870K [0x000000077ae00000, 0x000000077c300000, 0x0000000780000000)
  object space 21504K, 87% used [0x000000077ae00000,0x000000077c06da20,0x000000077c300000)
Event: 11.804 GC heap after
Heap after GC invocations=3 (full 0):
 PSYoungGen      total 38912K, used 5088K [0x00000007d5500000, 0x00000007da100000, 0x0000000800000000)
  eden space 33792K, 0% used [0x00000007d5500000,0x00000007d5500000,0x00000007d7600000)
  from space 5120K, 99% used [0x00000007d7600000,0x00000007d7af8328,0x00000007d7b00000)
  to   space 5120K, 0% used [0x00000007d9c00000,0x00000007d9c00000,0x00000007da100000)
 ParOldGen       total 87040K, used 46831K [0x0000000780000000, 0x0000000785500000, 0x00000007d5500000)
  object space 87040K, 53% used [0x0000000780000000,0x0000000782dbbfc0,0x0000000785500000)
 PSPermGen       total 21504K, used 18870K [0x000000077ae00000, 0x000000077c300000, 0x0000000780000000)
  object space 21504K, 87% used [0x000000077ae00000,0x000000077c06da20,0x000000077c300000)
}
Event: 19.210 GC heap before
{Heap before GC invocations=4 (full 0):
 PSYoungGen      total 38912K, used 38880K [0x00000007d5500000, 0x00000007da100000, 0x0000000800000000)
  eden space 33792K, 100% used [0x00000007d5500000,0x00000007d7600000,0x00000007d7600000)
  from space 5120K, 99% used [0x00000007d7600000,0x00000007d7af8328,0x00000007d7b00000)
  to   space 5120K, 0% used [0x00000007d9c00000,0x00000007d9c00000,0x00000007da100000)
 ParOldGen       total 87040K, used 46831K [0x0000000780000000, 0x0000000785500000, 0x00000007d5500000)
  object space 87040K, 53% used [0x0000000780000000,0x0000000782dbbfc0,0x0000000785500000)
 PSPermGen       total 21504K, used 20356K [0x000000077ae00000, 0x000000077c300000, 0x0000000780000000)
  object space 21504K, 94% used [0x000000077ae00000,0x000000077c1e1310,0x000000077c300000)
Event: 19.227 GC heap after
Heap after GC invocations=4 (full 0):
 PSYoungGen      total 72704K, used 5111K [0x00000007d5500000, 0x00000007da100000, 0x0000000800000000)
  eden space 67584K, 0% used [0x00000007d5500000,0x00000007d5500000,0x00000007d9700000)
  from space 5120K, 99% used [0x00000007d9c00000,0x00000007da0fde90,0x00000007da100000)
  to   space 5120K, 0% used [0x00000007d9700000,0x00000007d9700000,0x00000007d9c00000)
 ParOldGen       total 87040K, used 54651K [0x0000000780000000, 0x0000000785500000, 0x00000007d5500000)
  object space 87040K, 62% used [0x0000000780000000,0x000000078355ed30,0x0000000785500000)
 PSPermGen       total 21504K, used 20356K [0x000000077ae00000, 0x000000077c300000, 0x0000000780000000)
  object space 21504K, 94% used [0x000000077ae00000,0x000000077c1e1310,0x000000077c300000)
}

